Removed Pin From Net: NetName=+9V Pin=C1-+
Removed Pin From Net: NetName=GND Pin=C1--
Removed Pin From Net: NetName=GND Pin=C2--
Removed Pin From Net: NetName=GND Pin=C3--
Removed Pin From Net: NetName=GND Pin=C4-2
Removed Pin From Net: NetName=SEND Pin=C7-2
Removed Pin From Net: NetName=GND Pin=C10-2
Removed Pin From Net: NetName=RETURN Pin=C14--
Removed Pin From Net: NetName=RETURN Pin=C15-1
Removed Pin From Net: NetName=GND Pin=D1-A
Removed Pin From Net: NetName=+9V Pin=D1-C
Removed Pin From Net: NetName=GND Pin=IC1-4
Removed Pin From Net: NetName=+9V Pin=R1-1
Removed Pin From Net: NetName=GND Pin=R3-1
Removed Pin From Net: NetName=GND Pin=R6-1
Removed Pin From Net: NetName=SEND Pin=R6-2
Removed Pin From Net: NetName=GND Pin=R16-1
Removed Pin From Net: NetName=RETURN Pin=R16-2
Added Class: Name=Template
Added Room: Name=Template
