Change Component Footprint: Designator=C1 Old Footprint=ELEC_063_025 New Footprint=ELEC_050_020
Change Component Footprint: Designator=C2 Old Footprint=ELEC_063_025 New Footprint=ELEC_050_020
Change Component Comment : Designator=IC1 Old Comment=OP AMP New Comment=LM308N
Change Component Designator: OldDesignator=C3 NewDesignator=C4
Change Component Designator: OldDesignator=C4 NewDesignator=C5
Change Component Designator: OldDesignator=C5 NewDesignator=C6
Change Component Designator: OldDesignator=C6 NewDesignator=C7
Change Component Designator: OldDesignator=C7 NewDesignator=C8
Change Component Designator: OldDesignator=C8 NewDesignator=C9
Change Component Designator: OldDesignator=C9 NewDesignator=C10
Change Component Designator: OldDesignator=C10 NewDesignator=C11
Change Component Designator: OldDesignator=C11 NewDesignator=C12
Change Component Designator: OldDesignator=C12 NewDesignator=C13
Change Component Designator: OldDesignator=C13 NewDesignator=C14
Change Component Designator: OldDesignator=C14 NewDesignator=C15
Change Component Designator: OldDesignator=C15 NewDesignator=C16
Change Component Designator: OldDesignator=Q2 NewDesignator=Q?
Change Component Designator: OldDesignator=R2 NewDesignator=R4
Change Component Designator: OldDesignator=R3 NewDesignator=R5
Change Component Designator: OldDesignator=R4 NewDesignator=R6
Change Component Designator: OldDesignator=R5 NewDesignator=R7
Change Component Designator: OldDesignator=R6 NewDesignator=R8
Change Component Designator: OldDesignator=R7 NewDesignator=R9
Change Component Designator: OldDesignator=R8 NewDesignator=R10
Change Component Designator: OldDesignator=R9 NewDesignator=R11
Change Component Designator: OldDesignator=R10 NewDesignator=R12
Change Component Designator: OldDesignator=R11 NewDesignator=R13
Change Component Designator: OldDesignator=R12 NewDesignator=R14
Change Component Designator: OldDesignator=U1 NewDesignator=U?
Added Component: Designator=C3(ELEC_050_020)
Add component. Clean all parameters for all variants
Added Component: Designator=R2(R_3_100k_025W)
Add component. Clean all parameters for all variants
Added Component: Designator=R3(R_3_100k_025W)
Add component. Clean all parameters for all variants
Added Pin To Net: NetName=Vb Pin=C3-+
Added Pin To Net: NetName=GND Pin=C3--
Added Pin To Net: NetName=Vr Pin=R2-1
Added Pin To Net: NetName=Vb Pin=R2-2
Added Pin To Net: NetName=GND Pin=R3-1
Added Pin To Net: NetName=Vb Pin=R3-2
Change Net Name : Old Net Name=NetC6_1 New Net Name=NetC7_1
Change Net Name : Old Net Name=NetC7_1 New Net Name=NetC8_1
Change Net Name : Old Net Name=NetC8_1 New Net Name=NetC9_1
Change Net Name : Old Net Name=NetC8_2 New Net Name=NetC9_2
Change Net Name : Old Net Name=NetC9_1 New Net Name=NetC10_1
Change Net Name : Old Net Name=NetC9_2 New Net Name=NetC10_2
Change Net Name : Old Net Name=NetC10_+ New Net Name=NetC11_+
Change Net Name : Old Net Name=NetC11_+ New Net Name=NetC12_+
Change Net Name : Old Net Name=NetC12_+ New Net Name=NetC13_+
Change Net Name : Old Net Name=NetC12_- New Net Name=NetC13_-
Change Net Name : Old Net Name=NetC14_1 New Net Name=NetC15_1
Change Net Name : Old Net Name=NetC15_+ New Net Name=NetC16_+
Change Net Name : Old Net Name=NetC15_- New Net Name=NetC16_-
Change Net Name : Old Net Name=NetR7_1 New Net Name=NetR9_1
