Added Member To Class: ClassName=Rat Member=Component C? 30p
Added Member To Class: ClassName=Rat Member=Component C? 4.7u
Added Member To Class: ClassName=Rat Member=Component C? 1n
Added Member To Class: ClassName=Rat Member=Component C? 10n
Added Member To Class: ClassName=Rat Member=Component C? 22n
Added Member To Class: ClassName=Rat Member=Component C? 2.2u
Added Member To Class: ClassName=Rat Member=Component C? 4.7u
Added Member To Class: ClassName=Rat Member=Component C? 3.3n
Added Member To Class: ClassName=Rat Member=Component C? 1u
Added Member To Class: ClassName=Rat Member=Component D? LED
Added Member To Class: ClassName=Rat Member=Component D? LED
Added Member To Class: ClassName=Rat Member=Component D? 1N34A
Added Member To Class: ClassName=Rat Member=Component D? 1N34A
Added Member To Class: ClassName=Rat Member=Component D? 1N4148
Added Member To Class: ClassName=Rat Member=Component R? 1M
Added Member To Class: ClassName=Rat Member=Component R? 10k
Added Member To Class: ClassName=Rat Member=Component R? 1M
Added Member To Class: ClassName=Rat Member=Component R? 1.5k
Added Member To Class: ClassName=Rat Member=Component R? 1k
Added Member To Class: ClassName=Rat Member=Component R? 1k
Added Member To Class: ClassName=Rat Member=Component R? 1M
Added Member To Class: ClassName=Rat Member=Component R? 560R
