Change Component Designator: OldDesignator=C? NewDesignator=C6
Change Component Designator: OldDesignator=C? NewDesignator=C7
Change Component Designator: OldDesignator=C? NewDesignator=C8
Change Component Designator: OldDesignator=C? NewDesignator=C9
Change Component Designator: OldDesignator=C? NewDesignator=C10
Change Component Designator: OldDesignator=C? NewDesignator=C11
Change Component Designator: OldDesignator=C? NewDesignator=C12
Change Component Designator: OldDesignator=C? NewDesignator=C13
Change Component Designator: OldDesignator=C? NewDesignator=C14
Change Component Designator: OldDesignator=C? NewDesignator=C15
Change Component Designator: OldDesignator=D? NewDesignator=D3
Change Component Designator: OldDesignator=D? NewDesignator=D4
Change Component Designator: OldDesignator=D? NewDesignator=D5
Change Component Designator: OldDesignator=D? NewDesignator=D6
Change Component Designator: OldDesignator=D? NewDesignator=D7
Change Component Designator: OldDesignator=D? NewDesignator=D8
Change Component Designator: OldDesignator=IC? NewDesignator=IC1
Change Component Designator: OldDesignator=Q? NewDesignator=Q2
Change Component Designator: OldDesignator=R? NewDesignator=R4
Change Component Designator: OldDesignator=R? NewDesignator=R5
Change Component Designator: OldDesignator=R? NewDesignator=R6
Change Component Designator: OldDesignator=R? NewDesignator=R7
Change Component Designator: OldDesignator=R? NewDesignator=R8
Change Component Designator: OldDesignator=R? NewDesignator=R9
Change Component Designator: OldDesignator=R? NewDesignator=R10
Change Component Designator: OldDesignator=R? NewDesignator=R11
Change Component Designator: OldDesignator=R? NewDesignator=R12
Change Component Designator: OldDesignator=SW? NewDesignator=SW1
Change Net Name : Old Net Name=NetC?_1 New Net Name=NetC8_1
Change Net Name : Old Net Name=NetC?_2 New Net Name=NetC11_2
Change Net Name : Old Net Name=NetC?_+ New Net Name=NetC9_+
Change Net Name : Old Net Name=NetC?_- New Net Name=NetC9_-
Change Net Name : Old Net Name=NetD?_A New Net Name=NetD4_A
Change Net Name : Old Net Name=NetR?_1 New Net Name=NetR11_1
Added Pin To Net: NetName=NetC6_1 Pin=C6-1
Added Pin To Net: NetName=NetC6_1 Pin=R4-1
Added Pin To Net: NetName=NetC6_1 Pin=R5-1
Added Net: Name=NetC6_1
Added Pin To Net: NetName=NetC7_+ Pin=C7-+
Added Pin To Net: NetName=NetC7_+ Pin=R6-2
Added Net: Name=NetC7_+
Added Pin To Net: NetName=NetC7_- Pin=C7--
Added Pin To Net: NetName=NetC7_- Pin=C12-1
Added Pin To Net: NetName=NetC7_- Pin=D5-P$1
Added Pin To Net: NetName=NetC7_- Pin=D6-ANODE
Added Pin To Net: NetName=NetC7_- Pin=PRES?-1
Added Pin To Net: NetName=NetC7_- Pin=SW1-2
Added Net: Name=NetC7_-
Added Pin To Net: NetName=NetC10_1 Pin=C10-1
Added Pin To Net: NetName=NetC10_1 Pin=Q2-1
Added Pin To Net: NetName=NetC10_1 Pin=R7-2
Added Pin To Net: NetName=NetC10_1 Pin=R9-2
Added Net: Name=NetC10_1
Added Pin To Net: NetName=NetC11_1 Pin=C11-1
Added Pin To Net: NetName=NetC11_1 Pin=IC1-8
Added Net: Name=NetC11_1
Added Pin To Net: NetName=NetC13_1 Pin=C13-1
Added Pin To Net: NetName=NetC13_1 Pin=GAIN?-1
Added Pin To Net: NetName=NetC13_1 Pin=IC1-6
Added Pin To Net: NetName=NetC13_1 Pin=R6-1
Added Net: Name=NetC13_1
Added Pin To Net: NetName=NetC13_2 Pin=C13-2
Added Pin To Net: NetName=NetC13_2 Pin=GAIN?-2
Added Pin To Net: NetName=NetC13_2 Pin=GAIN?-3
Added Pin To Net: NetName=NetC13_2 Pin=IC1-2
Added Pin To Net: NetName=NetC13_2 Pin=R11-2
Added Pin To Net: NetName=NetC13_2 Pin=R12-2
Added Net: Name=NetC13_2
Added Pin To Net: NetName=NetC14_+ Pin=C14-+
Added Pin To Net: NetName=NetC14_+ Pin=SWEEP?-2
Added Pin To Net: NetName=NetC14_+ Pin=SWEEP?-3
Added Net: Name=NetC14_+
Added Pin To Net: NetName=NetC15_+ Pin=C15-+
Added Pin To Net: NetName=NetC15_+ Pin=R12-1
Added Net: Name=NetC15_+
Added Pin To Net: NetName=NetD3_A Pin=D3-A
Added Pin To Net: NetName=NetD3_A Pin=D7-C
Added Pin To Net: NetName=NetD3_A Pin=SW1-3
Added Net: Name=NetD3_A
