Change Physical Footprint: Designator=C1 Old Footprint=CER_050 New Footprint=CER_050
Change Physical Footprint: Designator=C2 Old Footprint=CER_050 New Footprint=CER_050
Change Physical Footprint: Designator=C4 Old Footprint=ELEC_050_020 New Footprint=ELEC_050_020
Change Physical Footprint: Designator=C5 Old Footprint=ELEC_050_020 New Footprint=ELEC_050_020
Change Physical Footprint: Designator=C6 Old Footprint=ELEC_040_020 New Footprint=ELEC_040_020
Change Physical Footprint: Designator=C7 Old Footprint=FILMBOX_SMALL New Footprint=FILMBOX_SMALL
Change Physical Footprint: Designator=C8 Old Footprint=FILMBOX_SMALL New Footprint=FILMBOX_SMALL
Change Physical Footprint: Designator=C9 Old Footprint=FILMBOX_SMALL New Footprint=FILMBOX_SMALL
Change Physical Footprint: Designator=C10 Old Footprint=ELEC_LESR_040_020 New Footprint=ELEC_LESR_040_020
Change Physical Footprint: Designator=C11 Old Footprint=FILMBOX_SMALL New Footprint=FILMBOX_SMALL
Change Physical Footprint: Designator=C12 Old Footprint=CER_050 New Footprint=CER_050
Change Physical Footprint: Designator=C13 Old Footprint=FILMBOX_BIG New Footprint=FILMBOX_BIG
Change Physical Footprint: Designator=C14 Old Footprint=FILMBOX_SMALL New Footprint=FILMBOX_SMALL
Change Physical Footprint: Designator=C15 Old Footprint=FILMBOX_SMALL New Footprint=FILMBOX_SMALL
Change Physical Footprint: Designator=D1 Old Footprint=DO41_2 New Footprint=DO41_2
Change Physical Footprint: Designator=D2 Old Footprint=DO35_2 New Footprint=DO35_2
Change Physical Footprint: Designator=D3 Old Footprint=DO35_2 New Footprint=DO35_2
Change Physical Footprint: Designator=D4 Old Footprint=DO35_2 New Footprint=DO35_2
Change Physical Footprint: Designator=D5 Old Footprint=DO35_2 New Footprint=DO35_2
Change Physical Footprint: Designator=D6 Old Footprint=DO35_2 New Footprint=DO35_2
Change Physical Footprint: Designator=D7 Old Footprint=DO35_2 New Footprint=DO35_2
Change Physical Footprint: Designator=D8 Old Footprint=DO35_2 New Footprint=DO35_2
Change Physical Footprint: Designator=GAIN1 Old Footprint=ALPHA_16mm_BOTTOM New Footprint=ALPHA_16mm_BOTTOM
Change Physical Footprint: Designator=IC1 Old Footprint=DIL8 New Footprint=DIL8
Change Physical Footprint: Designator=INPUT Old Footprint=STEREO New Footprint=STEREO
Change Physical Footprint: Designator=J1 Old Footprint=DC_JACK New Footprint=DC_JACK
Change Physical Footprint: Designator=OUTPUT Old Footprint=STEREO New Footprint=STEREO
Change Physical Footprint: Designator=PRES1 Old Footprint=ALPHA_16mm_BOTTOM New Footprint=ALPHA_16mm_BOTTOM
Change Physical Footprint: Designator=Q1 Old Footprint=TO92 New Footprint=TO92
Change Physical Footprint: Designator=REG1 Old Footprint=TO92 New Footprint=TO92
Change Physical Footprint: Designator=TONE1 Old Footprint=ALPHA_16mm_BOTTOM New Footprint=ALPHA_16mm_BOTTOM
Change Physical Footprint: Designator=U1 Old Footprint=DIP8 New Footprint=DIP8
Change Physical Footprint: Designator=VOL1 Old Footprint=ALPHA_16mm_BOTTOM New Footprint=ALPHA_16mm_BOTTOM
