Removed Pin From Net: NetName=+5V Pin=K1-1
Removed Pin From Net: NetName=NetD8_A Pin=K1-12
Change Component Designator: OldDesignator=C1 NewDesignator=C4
Change Component Designator: OldDesignator=C2 NewDesignator=C6
Change Component Designator: OldDesignator=C4 NewDesignator=C2
Change Component Designator: OldDesignator=C5 NewDesignator=C3
Change Component Designator: OldDesignator=C6 NewDesignator=C5
Change Component Designator: OldDesignator=C8 NewDesignator=C11
Change Component Designator: OldDesignator=C9 NewDesignator=C12
Change Component Designator: OldDesignator=C10 NewDesignator=C14
Change Component Designator: OldDesignator=C11 NewDesignator=C13
Change Component Designator: OldDesignator=C12 NewDesignator=C8
Change Component Designator: OldDesignator=C13 NewDesignator=C15
Change Component Designator: OldDesignator=C14 NewDesignator=C9
Change Component Designator: OldDesignator=C15 NewDesignator=C10
Change Component Designator: OldDesignator=D2 NewDesignator=D7
Change Component Designator: OldDesignator=D3 NewDesignator=D8
Change Component Designator: OldDesignator=D4 NewDesignator=D3
Change Component Designator: OldDesignator=D5 NewDesignator=D4
Change Component Designator: OldDesignator=D6 NewDesignator=D5
Change Component Designator: OldDesignator=D7 NewDesignator=D6
Change Component Designator: OldDesignator=D8 NewDesignator=D2
Change Component Designator: OldDesignator=GAIN1 NewDesignator=GAIN
Change Component Designator: OldDesignator=K1 NewDesignator=K?
Change Component Designator: OldDesignator=PRES1 NewDesignator=PRES
Change Component Designator: OldDesignator=R4 NewDesignator=R7
Change Component Designator: OldDesignator=R5 NewDesignator=R11
Change Component Designator: OldDesignator=R6 NewDesignator=R14
Change Component Designator: OldDesignator=R7 NewDesignator=R6
Change Component Designator: OldDesignator=R9 NewDesignator=R12
Change Component Designator: OldDesignator=R10 NewDesignator=R15
Change Component Designator: OldDesignator=R11 NewDesignator=R16
Change Component Designator: OldDesignator=R12 NewDesignator=R13
Change Component Designator: OldDesignator=R13 NewDesignator=R9
Change Component Designator: OldDesignator=R14 NewDesignator=R10
Change Component Designator: OldDesignator=R15 NewDesignator=R4
Change Component Designator: OldDesignator=R16 NewDesignator=R5
Change Component Designator: OldDesignator=SW NewDesignator=FSW
Change Component Designator: OldDesignator=TONE1 NewDesignator=TONE
Change Component Designator: OldDesignator=VOL1 NewDesignator=VOL
Added Component: Designator=C1(ELEC_063_025)
Add component. Clean all parameters for all variants
Added Component: Designator=K1(NA5)
Add component. Clean all parameters for all variants
Add component (AddParameter): Name = "MF"; Value = ""; VariantName = "[No Variations]"
Add component (AddParameter): Name = "MPN"; Value = ""; VariantName = "[No Variations]"
Add component (AddParameter): Name = "OC_FARNELL"; Value = "unknown"; VariantName = "[No Variations]"
Add component (AddParameter): Name = "OC_NEWARK"; Value = "unknown"; VariantName = "[No Variations]"
Added Component: Designator=K?(NA5)
Add component. Clean all parameters for all variants
Add component (AddParameter): Name = "MF"; Value = ""; VariantName = "[No Variations]"
Add component (AddParameter): Name = "MPN"; Value = ""; VariantName = "[No Variations]"
Add component (AddParameter): Name = "OC_FARNELL"; Value = "unknown"; VariantName = "[No Variations]"
Add component (AddParameter): Name = "OC_NEWARK"; Value = "unknown"; VariantName = "[No Variations]"
Added Pin To Net: NetName=+9V Pin=C1-+
Added Pin To Net: NetName=GND Pin=C1--
Added Pin To Net: NetName=+5V Pin=K1-1
Added Pin To Net: NetName=NetD8_A Pin=K1-12
Change Net Name : Old Net Name=NetC8_1 New Net Name=NetC11_1
Change Net Name : Old Net Name=NetC8_2 New Net Name=NetC11_2
Change Net Name : Old Net Name=NetC9_2 New Net Name=NetC12_2
Change Net Name : Old Net Name=NetC10_+ New Net Name=NetC14_+
Change Net Name : Old Net Name=NetC11_2 New Net Name=NetC13_2
Change Net Name : Old Net Name=NetC12_1 New Net Name=NetC8_1
Change Net Name : Old Net Name=NetC12_2 New Net Name=NetC8_2
Change Net Name : Old Net Name=NetC14_1 New Net Name=NetC9_1
Change Net Name : Old Net Name=NetC14_2 New Net Name=NetC9_2
Change Net Name : Old Net Name=NetD2_A New Net Name=NetD7_A
Change Net Name : Old Net Name=NetD2_C New Net Name=NetD7_C
Change Net Name : Old Net Name=NetD4_A New Net Name=NetD3_A
Change Net Name : Old Net Name=NetD4_C New Net Name=NetD3_C
Change Net Name : Old Net Name=NetD5_A New Net Name=NetD4_A
Change Net Name : Old Net Name=NetD6_C New Net Name=NetD5_C
Change Net Name : Old Net Name=NetD8_A New Net Name=NetD2_A
Change Net Name : Old Net Name=NetGAIN1_1 New Net Name=NetGAIN_1
Change Net Name : Old Net Name=NetGAIN1_3 New Net Name=NetGAIN_3
Change Net Name : Old Net Name=NetPRES1_2 New Net Name=NetPRES_2
Change Net Name : Old Net Name=NetR10_2 New Net Name=NetR15_2
