Removed Pin From Net: NetName=+5V Pin=K1-1
Removed Pin From Net: NetName=NetD2_A Pin=K1-12
Change Component Comment : Designator=K? Old Comment=NA5W-K New Comment=
Change Component Designator: OldDesignator=K? NewDesignator=K1
Added Component: Designator=C?(FILMBOX_SMALL)
Add component. Clean all parameters for all variants
Added Component: Designator=D?(DO35_2)
Add component. Clean all parameters for all variants
Added Component: Designator=Q?(TO92)
Add component. Clean all parameters for all variants
Added Component: Designator=R?(R_3_100k_025W)
Add component. Clean all parameters for all variants
Added Pin To Net: NetName=GND Pin=C?-2
Added Pin To Net: NetName=+5V Pin=K1-1
Added Pin To Net: NetName=INPUT Pin=K1-3
Added Pin To Net: NetName=OUTPUT Pin=K1-4
Added Pin To Net: NetName=INPUT Pin=K1-8
Added Pin To Net: NetName=SEND Pin=K1-9
Added Pin To Net: NetName=GND Pin=K1-10
Added Pin To Net: NetName=NetD2_A Pin=K1-12
Added Pin To Net: NetName=RETURN Pin=Q?-3
Added Pin To Net: NetName=PB0 Pin=R?-1
Added Pin To Net: NetName=MUTEOUT Pin=K1-5
Added Pin To Net: NetName=MUTEOUT Pin=Q?-2
Added Net: Name=MUTEOUT
Added Pin To Net: NetName=NetC?_1 Pin=C?-1
Added Pin To Net: NetName=NetC?_1 Pin=D?-A
Added Pin To Net: NetName=NetC?_1 Pin=R?-2
Added Net: Name=NetC?_1
Added Pin To Net: NetName=NetD?_C Pin=D?-C
Added Pin To Net: NetName=NetD?_C Pin=Q?-1
Added Net: Name=NetD?_C
