Replace Part C1 CER_100n in Z:\Dev\Altium\PCBs\Marshall Bluesbreaker\sch.SchDoc with CER_100n from Pedals.IntLib
Replace Part C2 CER_100n in Z:\Dev\Altium\PCBs\Marshall Bluesbreaker\sch.SchDoc with CER_100n from Pedals.IntLib
Replace Part C3 ELEC_100u_16V in Z:\Dev\Altium\PCBs\Marshall Bluesbreaker\sch.SchDoc with ELEC_100u_16V from Pedals.IntLib
Replace Part C4 ELEC_100u_16V in Z:\Dev\Altium\PCBs\Marshall Bluesbreaker\sch.SchDoc with ELEC_100u_16V from Pedals.IntLib
Replace Part C5 ELEC_47u_25V in Z:\Dev\Altium\PCBs\Marshall Bluesbreaker\sch.SchDoc with ELEC_47u_25V from Pedals.IntLib
Replace Part C6 ELEC_10u_50V in Z:\Dev\Altium\PCBs\Marshall Bluesbreaker\sch.SchDoc with ELEC_10u_50V from Pedals.IntLib
Replace Part C7 FILMBOX_10n in Z:\Dev\Altium\PCBs\Marshall Bluesbreaker\sch.SchDoc with FILMBOX_10n from Pedals.IntLib
Replace Part C8 FILMBOX_100n in Z:\Dev\Altium\PCBs\Marshall Bluesbreaker\sch.SchDoc with FILMBOX_100n from Pedals.IntLib
Replace Part C9 FILMBOX_10n in Z:\Dev\Altium\PCBs\Marshall Bluesbreaker\sch.SchDoc with FILMBOX_10n from Pedals.IntLib
Replace Part C10 ELEC_LESR_1u_50V in Z:\Dev\Altium\PCBs\Marshall Bluesbreaker\sch.SchDoc with ELEC_LESR_1u_50V from Pedals.IntLib
Replace Part C11 FILMBOX_10n in Z:\Dev\Altium\PCBs\Marshall Bluesbreaker\sch.SchDoc with FILMBOX_10n from Pedals.IntLib
Replace Part C12 CER_100p in Z:\Dev\Altium\PCBs\Marshall Bluesbreaker\sch.SchDoc with CER_100p from Pedals.IntLib
Replace Part C13 FILMBOX_1u in Z:\Dev\Altium\PCBs\Marshall Bluesbreaker\sch.SchDoc with FILMBOX_1u from Pedals.IntLib
Replace Part C14 FILMBOX_10n in Z:\Dev\Altium\PCBs\Marshall Bluesbreaker\sch.SchDoc with FILMBOX_10n from Pedals.IntLib
Replace Part C15 FILMBOX_10n in Z:\Dev\Altium\PCBs\Marshall Bluesbreaker\sch.SchDoc with FILMBOX_10n from Pedals.IntLib
Replace Part D1 1N4002 in Z:\Dev\Altium\PCBs\Marshall Bluesbreaker\sch.SchDoc with 1N4002 from Pedals.IntLib
Replace Part D2 1N4148 in Z:\Dev\Altium\PCBs\Marshall Bluesbreaker\sch.SchDoc with 1N4148 from Pedals.IntLib
Replace Part D3 1N4148 in Z:\Dev\Altium\PCBs\Marshall Bluesbreaker\sch.SchDoc with 1N4148 from Pedals.IntLib
Replace Part D4 1N4148 in Z:\Dev\Altium\PCBs\Marshall Bluesbreaker\sch.SchDoc with 1N4148 from Pedals.IntLib
Replace Part D5 1N4148 in Z:\Dev\Altium\PCBs\Marshall Bluesbreaker\sch.SchDoc with 1N4148 from Pedals.IntLib
Replace Part D6 1N4148 in Z:\Dev\Altium\PCBs\Marshall Bluesbreaker\sch.SchDoc with 1N4148 from Pedals.IntLib
Replace Part D7 1N4148 in Z:\Dev\Altium\PCBs\Marshall Bluesbreaker\sch.SchDoc with 1N4148 from Pedals.IntLib
Replace Part D8 1N4148 in Z:\Dev\Altium\PCBs\Marshall Bluesbreaker\sch.SchDoc with 1N4148 from Pedals.IntLib
Replace Part GAIN1 ALPHA_16mm in Z:\Dev\Altium\PCBs\Marshall Bluesbreaker\sch.SchDoc with ALPHA_16mm from Pedals.IntLib
Replace Part IC1 JRC4580D in Z:\Dev\Altium\PCBs\Marshall Bluesbreaker\sch.SchDoc with JRC4580D from Pedals.IntLib
Replace Part IC1 JRC4580D in Z:\Dev\Altium\PCBs\Marshall Bluesbreaker\sch.SchDoc with JRC4580D from Pedals.IntLib
Replace Part IC1 JRC4580D in Z:\Dev\Altium\PCBs\Marshall Bluesbreaker\sch.SchDoc with JRC4580D from Pedals.IntLib
Replace Part J1 DC_JACK in Z:\Dev\Altium\PCBs\Marshall Bluesbreaker\sch.SchDoc with DC_JACK from Pedals.IntLib
Replace Part J2 STEREO in Z:\Dev\Altium\PCBs\Marshall Bluesbreaker\sch.SchDoc with STEREO from Pedals.IntLib
Replace Part J3 STEREO in Z:\Dev\Altium\PCBs\Marshall Bluesbreaker\sch.SchDoc with STEREO from Pedals.IntLib
Replace Part K1 NA5W-K in Z:\Dev\Altium\PCBs\Marshall Bluesbreaker\sch.SchDoc with NA5W-K from Pedals.IntLib
Replace Part K1 NA5W-K in Z:\Dev\Altium\PCBs\Marshall Bluesbreaker\sch.SchDoc with NA5W-K from Pedals.IntLib
Replace Part K1 NA5W-K in Z:\Dev\Altium\PCBs\Marshall Bluesbreaker\sch.SchDoc with NA5W-K from Pedals.IntLib
Replace Part LED JST-XH-02 in Z:\Dev\Altium\PCBs\Marshall Bluesbreaker\sch.SchDoc with JST-XH-02 from Pedals.IntLib
Replace Part LED JST-XH-02 in Z:\Dev\Altium\PCBs\Marshall Bluesbreaker\sch.SchDoc with JST-XH-02 from Pedals.IntLib
Replace Part PRES1 ALPHA_16mm in Z:\Dev\Altium\PCBs\Marshall Bluesbreaker\sch.SchDoc with ALPHA_16mm from Pedals.IntLib
Replace Part Q1 2N3904 in Z:\Dev\Altium\PCBs\Marshall Bluesbreaker\sch.SchDoc with 2N3904 from Pedals.IntLib
Replace Part R1 R_3_47R_025W in Z:\Dev\Altium\PCBs\Marshall Bluesbreaker\sch.SchDoc with R_3_47R_025W from Pedals.IntLib
Replace Part R2 R_3_47k_025W in Z:\Dev\Altium\PCBs\Marshall Bluesbreaker\sch.SchDoc with R_3_47k_025W from Pedals.IntLib
Replace Part R3 R_3_47k_025W in Z:\Dev\Altium\PCBs\Marshall Bluesbreaker\sch.SchDoc with R_3_47k_025W from Pedals.IntLib
Replace Part R4 R_3_1M_025W in Z:\Dev\Altium\PCBs\Marshall Bluesbreaker\sch.SchDoc with R_3_1M_025W from Pedals.IntLib
Replace Part R5 R_3_10k_025W in Z:\Dev\Altium\PCBs\Marshall Bluesbreaker\sch.SchDoc with R_3_10k_025W from Pedals.IntLib
Replace Part R6 R_3_1k_025W in Z:\Dev\Altium\PCBs\Marshall Bluesbreaker\sch.SchDoc with R_3_1k_025W from Pedals.IntLib
Replace Part R7 R_3_1M_025W in Z:\Dev\Altium\PCBs\Marshall Bluesbreaker\sch.SchDoc with R_3_1M_025W from Pedals.IntLib
Replace Part R8 R_3_10k_025W in Z:\Dev\Altium\PCBs\Marshall Bluesbreaker\sch.SchDoc with R_3_10k_025W from Pedals.IntLib
Replace Part R9 R_3_220k_025W in Z:\Dev\Altium\PCBs\Marshall Bluesbreaker\sch.SchDoc with R_3_220k_025W from Pedals.IntLib
Replace Part R10 R_3_6.8k_025W in Z:\Dev\Altium\PCBs\Marshall Bluesbreaker\sch.SchDoc with R_3_6.8k_025W from Pedals.IntLib
Replace Part R11 R_3_1M_025W in Z:\Dev\Altium\PCBs\Marshall Bluesbreaker\sch.SchDoc with R_3_1M_025W from Pedals.IntLib
Replace Part R12 R_3_6.8k_025W in Z:\Dev\Altium\PCBs\Marshall Bluesbreaker\sch.SchDoc with R_3_6.8k_025W from Pedals.IntLib
Replace Part R13 R_3_27k_025W in Z:\Dev\Altium\PCBs\Marshall Bluesbreaker\sch.SchDoc with R_3_27k_025W from Pedals.IntLib
Replace Part R14 R_3_33k_025W in Z:\Dev\Altium\PCBs\Marshall Bluesbreaker\sch.SchDoc with R_3_33k_025W from Pedals.IntLib
Replace Part R15 R_3_1k_025W in Z:\Dev\Altium\PCBs\Marshall Bluesbreaker\sch.SchDoc with R_3_1k_025W from Pedals.IntLib
Replace Part R16 R_3_22k_025W in Z:\Dev\Altium\PCBs\Marshall Bluesbreaker\sch.SchDoc with R_3_22k_025W from Pedals.IntLib
Replace Part REG1 LM78L05 in Z:\Dev\Altium\PCBs\Marshall Bluesbreaker\sch.SchDoc with LM78L05 from Pedals.IntLib
Replace Part SW1 DPDT_ON-ON-ON in Z:\Dev\Altium\PCBs\Marshall Bluesbreaker\sch.SchDoc with DPDT_ON-ON-ON from Pedals.IntLib
Replace Part SW1 DPDT_ON-ON-ON in Z:\Dev\Altium\PCBs\Marshall Bluesbreaker\sch.SchDoc with DPDT_ON-ON-ON from Pedals.IntLib
Replace Part SW JST-XH-02 in Z:\Dev\Altium\PCBs\Marshall Bluesbreaker\sch.SchDoc with JST-XH-02 from Pedals.IntLib
Replace Part SW JST-XH-02 in Z:\Dev\Altium\PCBs\Marshall Bluesbreaker\sch.SchDoc with JST-XH-02 from Pedals.IntLib
Replace Part TONE1 ALPHA_16mm in Z:\Dev\Altium\PCBs\Marshall Bluesbreaker\sch.SchDoc with ALPHA_16mm from Pedals.IntLib
Replace Part U1 ATTINY85 in Z:\Dev\Altium\PCBs\Marshall Bluesbreaker\sch.SchDoc with ATTINY85 from Pedals.IntLib
Replace Part VOL1 ALPHA_16mm in Z:\Dev\Altium\PCBs\Marshall Bluesbreaker\sch.SchDoc with ALPHA_16mm from Pedals.IntLib
