Change Component Comment : Designator=TONE Old Comment=25kB New Comment=100kB
Change Component Comment : Designator=PRES Old Comment=50kB New Comment=100kB
Change Component Comment : Designator=GAIN Old Comment=250kB New Comment=1kC
Change Component Designator: OldDesignator=C5 NewDesignator=C4
Change Component Designator: OldDesignator=C6 NewDesignator=C5
Change Component Designator: OldDesignator=PRES NewDesignator=TREBLE
Change Component Designator: OldDesignator=R4 NewDesignator=R2
Change Component Designator: OldDesignator=R5 NewDesignator=R3
Change Component Designator: OldDesignator=TONE NewDesignator=BASS
Added Component: Designator=C1(ELEC_063_025)
Add component. Clean all parameters for all variants
Added Component: Designator=C2(ELEC_063_025)
Add component. Clean all parameters for all variants
Added Component: Designator=C3(CER_050)
Add component. Clean all parameters for all variants
Added Component: Designator=C6(FILMBOX_SMALL)
Add component. Clean all parameters for all variants
Added Component: Designator=C7(ELEC_LESR_050_020)
Add component. Clean all parameters for all variants
Added Component: Designator=C8(ELEC_LESR_050_020)
Add component. Clean all parameters for all variants
Added Component: Designator=C9(CER_050)
Add component. Clean all parameters for all variants
Added Component: Designator=C10(ELEC_LESR_050_020)
Add component. Clean all parameters for all variants
Added Component: Designator=C11(FILMBOX_SMALL)
Add component. Clean all parameters for all variants
Added Component: Designator=C12(FILMBOX_SMALL)
Add component. Clean all parameters for all variants
Added Component: Designator=C13(FILMBOX_SMALL)
Add component. Clean all parameters for all variants
Added Component: Designator=C14(FILMBOX_SMALL)
Add component. Clean all parameters for all variants
Added Component: Designator=C15(ELEC_LESR_050_020)
Add component. Clean all parameters for all variants
Added Component: Designator=C16(ELEC_LESR_050_020)
Add component. Clean all parameters for all variants
Added Component: Designator=C17(ELEC_LESR_050_020)
Add component. Clean all parameters for all variants
Added Component: Designator=D1(DO41_2)
Add component. Clean all parameters for all variants
Added Component: Designator=Q2(TO92)
Add component. Clean all parameters for all variants
Added Component: Designator=Q3(TO92)
Add component. Clean all parameters for all variants
Added Component: Designator=Q4(TO92)
Add component. Clean all parameters for all variants
Added Component: Designator=R1(R_3_47R_025W)
Add component. Clean all parameters for all variants
Added Component: Designator=R4(R_3_2,2M_025W)
Add component. Clean all parameters for all variants
Added Component: Designator=R5(R_3_120k_025W)
Add component. Clean all parameters for all variants
Added Component: Designator=R6(R_3_4.7k_025W)
Add component. Clean all parameters for all variants
Added Component: Designator=R7(R_3_12k_025W)
Add component. Clean all parameters for all variants
Added Component: Designator=R8(R_3_150k_025W)
Add component. Clean all parameters for all variants
Added Component: Designator=R9(R_3_1.2k_025W)
Add component. Clean all parameters for all variants
Added Component: Designator=R10(R_3_470R_025W)
Add component. Clean all parameters for all variants
Added Component: Designator=R11(R_3_1.8k_025W)
Add component. Clean all parameters for all variants
Added Component: Designator=R12(R_3_4.7k_025W)
Add component. Clean all parameters for all variants
Added Component: Designator=R13(R_3_4.7k_025W)
Add component. Clean all parameters for all variants
Added Component: Designator=R14(R_3_39k_025W)
Add component. Clean all parameters for all variants
Added Component: Designator=R15(R_3_5.6k_025W)
Add component. Clean all parameters for all variants
Added Component: Designator=R16(R_3_180k_025W)
Add component. Clean all parameters for all variants
Added Component: Designator=R17(R_3_33k_025W)
Add component. Clean all parameters for all variants
Added Component: Designator=R18(R_3_3.9k_025W)
Add component. Clean all parameters for all variants
Added Component: Designator=R19(R_3_1k_025W)
Add component. Clean all parameters for all variants
Added Pin To Net: NetName=+9V Pin=C1-+
Added Pin To Net: NetName=GND Pin=C1--
Added Pin To Net: NetName=GND Pin=C2--
Added Pin To Net: NetName=GND Pin=C3-2
Added Pin To Net: NetName=SEND Pin=C6-2
Added Pin To Net: NetName=GND Pin=C8--
Added Pin To Net: NetName=GND Pin=C16--
Added Pin To Net: NetName=GND Pin=D1-A
Added Pin To Net: NetName=+9V Pin=D1-C
Added Pin To Net: NetName=GND Pin=GAIN-1
Added Pin To Net: NetName=GND Pin=GAIN-2
Added Pin To Net: NetName=+9V Pin=R1-1
Added Pin To Net: NetName=GND Pin=R4-1
Added Pin To Net: NetName=SEND Pin=R4-2
Added Pin To Net: NetName=GND Pin=R6-1
Added Pin To Net: NetName=GND Pin=R9-1
Added Pin To Net: NetName=GND Pin=R17-1
Added Pin To Net: NetName=GND Pin=R19-1
Added Pin To Net: NetName=GND Pin=VOL-1
Added Pin To Net: NetName=RETURN Pin=VOL-2
Added Pin To Net: NetName=NetBASS_1 Pin=BASS-1
Added Pin To Net: NetName=NetBASS_1 Pin=C11-1
Added Pin To Net: NetName=NetBASS_1 Pin=R13-1
Added Net: Name=NetBASS_1
Added Pin To Net: NetName=NetBASS_2 Pin=BASS-2
Added Pin To Net: NetName=NetBASS_2 Pin=R14-2
Added Net: Name=NetBASS_2
Added Pin To Net: NetName=NetBASS_3 Pin=BASS-3
Added Pin To Net: NetName=NetBASS_3 Pin=C11-2
Added Pin To Net: NetName=NetBASS_3 Pin=R12-2
Added Net: Name=NetBASS_3
Added Pin To Net: NetName=NetC6_1 Pin=C6-1
Added Pin To Net: NetName=NetC6_1 Pin=Q2-2
Added Pin To Net: NetName=NetC6_1 Pin=R8-1
Added Net: Name=NetC6_1
Added Pin To Net: NetName=NetC7_+ Pin=C7-+
Added Pin To Net: NetName=NetC7_+ Pin=Q2-3
Added Pin To Net: NetName=NetC7_+ Pin=R6-2
Added Pin To Net: NetName=NetC7_+ Pin=R7-1
Added Net: Name=NetC7_+
Added Pin To Net: NetName=NetC7_- Pin=C7--
Added Pin To Net: NetName=NetC7_- Pin=GAIN-3
Added Net: Name=NetC7_-
Added Pin To Net: NetName=NetC8_+ Pin=C8-+
Added Pin To Net: NetName=NetC8_+ Pin=Q3-3
Added Pin To Net: NetName=NetC8_+ Pin=R10-2
Added Net: Name=NetC8_+
Added Pin To Net: NetName=NetC9_1 Pin=C9-1
Added Pin To Net: NetName=NetC9_1 Pin=C10-+
Added Pin To Net: NetName=NetC9_1 Pin=Q3-1
Added Pin To Net: NetName=NetC9_1 Pin=R7-2
Added Pin To Net: NetName=NetC9_1 Pin=R11-1
Added Net: Name=NetC9_1
Added Pin To Net: NetName=NetC9_2 Pin=C9-2
Added Pin To Net: NetName=NetC9_2 Pin=Q2-1
Added Pin To Net: NetName=NetC9_2 Pin=Q3-2
Added Pin To Net: NetName=NetC9_2 Pin=R5-1
Added Net: Name=NetC9_2
Added Pin To Net: NetName=NetC10_- Pin=C10--
Added Pin To Net: NetName=NetC10_- Pin=C12-2
Added Pin To Net: NetName=NetC10_- Pin=R12-1
Added Net: Name=NetC10_-
Added Pin To Net: NetName=NetC12_1 Pin=C12-1
Added Pin To Net: NetName=NetC12_1 Pin=TREBLE-3
Added Net: Name=NetC12_1
Added Pin To Net: NetName=NetC13_1 Pin=C13-1
Added Pin To Net: NetName=NetC13_1 Pin=C15--
Added Pin To Net: NetName=NetC13_1 Pin=R13-2
Added Net: Name=NetC13_1
Added Pin To Net: NetName=NetC13_2 Pin=C13-2
Added Pin To Net: NetName=NetC13_2 Pin=TREBLE-1
Added Net: Name=NetC13_2
Added Pin To Net: NetName=NetC14_1 Pin=C14-1
Added Pin To Net: NetName=NetC14_1 Pin=Q4-2
Added Pin To Net: NetName=NetC14_1 Pin=R16-1
Added Pin To Net: NetName=NetC14_1 Pin=R17-2
Added Net: Name=NetC14_1
Added Pin To Net: NetName=NetC14_2 Pin=C14-2
Added Pin To Net: NetName=NetC14_2 Pin=R14-1
Added Pin To Net: NetName=NetC14_2 Pin=R15-2
Added Net: Name=NetC14_2
Added Pin To Net: NetName=NetC15_+ Pin=C15-+
Added Pin To Net: NetName=NetC15_+ Pin=C17-+
Added Pin To Net: NetName=NetC15_+ Pin=Q4-1
Added Pin To Net: NetName=NetC15_+ Pin=R18-1
Added Net: Name=NetC15_+
Added Pin To Net: NetName=NetC16_+ Pin=C16-+
Added Pin To Net: NetName=NetC16_+ Pin=Q4-3
Added Pin To Net: NetName=NetC16_+ Pin=R19-2
Added Net: Name=NetC16_+
Added Pin To Net: NetName=NetC17_- Pin=C17--
Added Pin To Net: NetName=NetC17_- Pin=VOL-3
Added Net: Name=NetC17_-
Added Pin To Net: NetName=NetR8_2 Pin=R8-2
Added Pin To Net: NetName=NetR8_2 Pin=R9-2
Added Pin To Net: NetName=NetR8_2 Pin=R10-1
Added Net: Name=NetR8_2
Added Pin To Net: NetName=NetR15_1 Pin=R15-1
Added Pin To Net: NetName=NetR15_1 Pin=TREBLE-2
Added Net: Name=NetR15_1
Added Pin To Net: NetName=Vr Pin=C2-+
Added Pin To Net: NetName=Vr Pin=C3-1
Added Pin To Net: NetName=Vr Pin=R1-2
Added Pin To Net: NetName=Vr Pin=R5-2
Added Pin To Net: NetName=Vr Pin=R11-2
Added Pin To Net: NetName=Vr Pin=R16-2
Added Pin To Net: NetName=Vr Pin=R18-2
Added Net: Name=Vr
Change Class Name : Old Net Name=Template New Net Name=Powerboost
Added Member To Class: ClassName=Powerboost Member=Component C1 100u
Added Member To Class: ClassName=Powerboost Member=Component C2 100u
Added Member To Class: ClassName=Powerboost Member=Component C3 100n
Added Member To Class: ClassName=Powerboost Member=Component C6 220n
Added Member To Class: ClassName=Powerboost Member=Component C7 22u
Added Member To Class: ClassName=Powerboost Member=Component C8 22u
Added Member To Class: ClassName=Powerboost Member=Component C9 220p
Added Member To Class: ClassName=Powerboost Member=Component C10 4.7u
Added Member To Class: ClassName=Powerboost Member=Component C11 100n
Added Member To Class: ClassName=Powerboost Member=Component C12 10n
Added Member To Class: ClassName=Powerboost Member=Component C13 10n
Added Member To Class: ClassName=Powerboost Member=Component C14 100n
Added Member To Class: ClassName=Powerboost Member=Component C15 22u
Added Member To Class: ClassName=Powerboost Member=Component C16 22u
Added Member To Class: ClassName=Powerboost Member=Component C17 4.7u
Added Member To Class: ClassName=Powerboost Member=Component D1 1N4002
Added Member To Class: ClassName=Powerboost Member=Component Q1 2N3904
Added Member To Class: ClassName=Powerboost Member=Component Q2 2N3904
Added Member To Class: ClassName=Powerboost Member=Component Q3 2N3904
Added Member To Class: ClassName=Powerboost Member=Component Q4 2N3904
Added Member To Class: ClassName=Powerboost Member=Component R1 47R
Added Member To Class: ClassName=Powerboost Member=Component R4 2,2M
Added Member To Class: ClassName=Powerboost Member=Component R5 120k
Added Member To Class: ClassName=Powerboost Member=Component R6 4.7k
Added Member To Class: ClassName=Powerboost Member=Component R7 12k
Added Member To Class: ClassName=Powerboost Member=Component R8 150k
Added Member To Class: ClassName=Powerboost Member=Component R9 1.2k
Added Member To Class: ClassName=Powerboost Member=Component R10 470R
Added Member To Class: ClassName=Powerboost Member=Component R11 1.8k
Added Member To Class: ClassName=Powerboost Member=Component R12 4.7k
Added Member To Class: ClassName=Powerboost Member=Component R13 4.7k
Added Member To Class: ClassName=Powerboost Member=Component R14 39k
Added Member To Class: ClassName=Powerboost Member=Component R15 5.6k
Added Member To Class: ClassName=Powerboost Member=Component R16 180k
Added Member To Class: ClassName=Powerboost Member=Component R17 33k
Added Member To Class: ClassName=Powerboost Member=Component R18 3.9k
Added Member To Class: ClassName=Powerboost Member=Component R19 1k
Added Member To Class: ClassName=Powerboost Member=Component TREBLE 100kB
Added Member To Class: ClassName=Powerboost Member=Component VOL 100kA
Added Room: Name=Powerboost
